{"/Users/JWN25/Documents/Whitehat/Week 1/Airport/Airport/airport.js": {"path":"/Users/JWN25/Documents/Whitehat/Week 1/Airport/Airport/airport.js","statementMap":{"0":{"start":{"line":2,"column":22},"end":{"line":2,"column":24}},"1":{"start":{"line":4,"column":8},"end":{"line":4,"column":25}},"2":{"start":{"line":5,"column":8},"end":{"line":5,"column":32}},"3":{"start":{"line":6,"column":8},"end":{"line":6,"column":45}},"4":{"start":{"line":10,"column":8},"end":{"line":12,"column":9}},"5":{"start":{"line":11,"column":12},"end":{"line":11,"column":77}},"6":{"start":{"line":13,"column":8},"end":{"line":13,"column":107}},"7":{"start":{"line":15,"column":8},"end":{"line":15,"column":42}},"8":{"start":{"line":17,"column":8},"end":{"line":17,"column":29}},"9":{"start":{"line":18,"column":22},"end":{"line":18,"column":82}},"10":{"start":{"line":19,"column":8},"end":{"line":19,"column":65}},"11":{"start":{"line":23,"column":8},"end":{"line":25,"column":9}},"12":{"start":{"line":24,"column":12},"end":{"line":24,"column":85}},"13":{"start":{"line":26,"column":8},"end":{"line":26,"column":108}},"14":{"start":{"line":27,"column":20},"end":{"line":27,"column":53}},"15":{"start":{"line":28,"column":8},"end":{"line":28,"column":72}},"16":{"start":{"line":31,"column":8},"end":{"line":31,"column":39}},"17":{"start":{"line":35,"column":8},"end":{"line":48,"column":10}},"18":{"start":{"line":36,"column":12},"end":{"line":36,"column":82}},"19":{"start":{"line":37,"column":12},"end":{"line":37,"column":61}},"20":{"start":{"line":38,"column":12},"end":{"line":38,"column":53}},"21":{"start":{"line":39,"column":12},"end":{"line":39,"column":65}},"22":{"start":{"line":40,"column":12},"end":{"line":47,"column":14}},"23":{"start":{"line":41,"column":16},"end":{"line":41,"column":56}},"24":{"start":{"line":42,"column":16},"end":{"line":42,"column":57}},"25":{"start":{"line":43,"column":16},"end":{"line":46,"column":18}},"26":{"start":{"line":44,"column":20},"end":{"line":44,"column":56}},"27":{"start":{"line":45,"column":20},"end":{"line":45,"column":61}},"28":{"start":{"line":52,"column":0},"end":{"line":52,"column":25}}},"fnMap":{"0":{"name":"(anonymous_0)","decl":{"start":{"line":3,"column":4},"end":{"line":3,"column":5}},"loc":{"start":{"line":3,"column":21},"end":{"line":7,"column":5}},"line":3},"1":{"name":"(anonymous_1)","decl":{"start":{"line":9,"column":4},"end":{"line":9,"column":5}},"loc":{"start":{"line":9,"column":15},"end":{"line":21,"column":5}},"line":9},"2":{"name":"(anonymous_2)","decl":{"start":{"line":22,"column":4},"end":{"line":22,"column":5}},"loc":{"start":{"line":22,"column":18},"end":{"line":29,"column":5}},"line":22},"3":{"name":"(anonymous_3)","decl":{"start":{"line":30,"column":4},"end":{"line":30,"column":5}},"loc":{"start":{"line":30,"column":19},"end":{"line":32,"column":5}},"line":30},"4":{"name":"(anonymous_4)","decl":{"start":{"line":34,"column":4},"end":{"line":34,"column":5}},"loc":{"start":{"line":34,"column":16},"end":{"line":49,"column":5}},"line":34},"5":{"name":"(anonymous_5)","decl":{"start":{"line":35,"column":35},"end":{"line":35,"column":36}},"loc":{"start":{"line":35,"column":44},"end":{"line":48,"column":9}},"line":35},"6":{"name":"(anonymous_6)","decl":{"start":{"line":40,"column":37},"end":{"line":40,"column":38}},"loc":{"start":{"line":40,"column":58},"end":{"line":47,"column":13}},"line":40},"7":{"name":"(anonymous_7)","decl":{"start":{"line":43,"column":39},"end":{"line":43,"column":40}},"loc":{"start":{"line":43,"column":54},"end":{"line":46,"column":17}},"line":43}},"branchMap":{"0":{"loc":{"start":{"line":10,"column":8},"end":{"line":12,"column":9}},"type":"if","locations":[{"start":{"line":10,"column":8},"end":{"line":12,"column":9}},{"start":{"line":10,"column":8},"end":{"line":12,"column":9}}],"line":10},"1":{"loc":{"start":{"line":23,"column":8},"end":{"line":25,"column":9}},"type":"if","locations":[{"start":{"line":23,"column":8},"end":{"line":25,"column":9}},{"start":{"line":23,"column":8},"end":{"line":25,"column":9}}],"line":23}},"s":{"0":2,"1":20,"2":20,"3":20,"4":3,"5":1,"6":2,"7":2,"8":2,"9":2,"10":2,"11":1,"12":0,"13":1,"14":1,"15":1,"16":12,"17":0,"18":0,"19":0,"20":0,"21":0,"22":0,"23":0,"24":0,"25":0,"26":0,"27":0,"28":2},"f":{"0":20,"1":3,"2":1,"3":12,"4":0,"5":0,"6":0,"7":0},"b":{"0":[1,2],"1":[0,1]},"_coverageSchema":"1a1c01bbd47fc00a2c39e90264f33305004495a9","hash":"ba9c09cc35738c6eda3ebc2f8188402e23970cd5"}
,"/Users/JWN25/Documents/Whitehat/Week 1/Airport/Bag/bag.js": {"path":"/Users/JWN25/Documents/Whitehat/Week 1/Airport/Bag/bag.js","statementMap":{"0":{"start":{"line":3,"column":8},"end":{"line":5,"column":9}},"1":{"start":{"line":4,"column":12},"end":{"line":4,"column":57}},"2":{"start":{"line":6,"column":8},"end":{"line":6,"column":29}},"3":{"start":{"line":10,"column":0},"end":{"line":10,"column":21}}},"fnMap":{"0":{"name":"(anonymous_0)","decl":{"start":{"line":2,"column":4},"end":{"line":2,"column":5}},"loc":{"start":{"line":2,"column":23},"end":{"line":7,"column":5}},"line":2}},"branchMap":{"0":{"loc":{"start":{"line":3,"column":8},"end":{"line":5,"column":9}},"type":"if","locations":[{"start":{"line":3,"column":8},"end":{"line":5,"column":9}},{"start":{"line":3,"column":8},"end":{"line":5,"column":9}}],"line":3},"1":{"loc":{"start":{"line":3,"column":12},"end":{"line":3,"column":50}},"type":"binary-expr","locations":[{"start":{"line":3,"column":12},"end":{"line":3,"column":19}},{"start":{"line":3,"column":24},"end":{"line":3,"column":49}}],"line":3}},"s":{"0":4,"1":1,"2":3,"3":3},"f":{"0":4},"b":{"0":[1,3],"1":[4,4]},"_coverageSchema":"1a1c01bbd47fc00a2c39e90264f33305004495a9","hash":"c8c0a6c06d7c0e3203e9180df2934fbe02610ada"}
,"/Users/JWN25/Documents/Whitehat/Week 1/Airport/Person/person.js": {"path":"/Users/JWN25/Documents/Whitehat/Week 1/Airport/Person/person.js","statementMap":{"0":{"start":{"line":3,"column":8},"end":{"line":3,"column":54}},"1":{"start":{"line":3,"column":20},"end":{"line":3,"column":53}},"2":{"start":{"line":4,"column":8},"end":{"line":4,"column":25}},"3":{"start":{"line":5,"column":8},"end":{"line":5,"column":23}},"4":{"start":{"line":8,"column":8},"end":{"line":8,"column":28}},"5":{"start":{"line":13,"column":0},"end":{"line":13,"column":24}}},"fnMap":{"0":{"name":"(anonymous_0)","decl":{"start":{"line":2,"column":4},"end":{"line":2,"column":5}},"loc":{"start":{"line":2,"column":21},"end":{"line":6,"column":5}},"line":2},"1":{"name":"(anonymous_1)","decl":{"start":{"line":7,"column":4},"end":{"line":7,"column":5}},"loc":{"start":{"line":7,"column":15},"end":{"line":9,"column":5}},"line":7}},"branchMap":{"0":{"loc":{"start":{"line":3,"column":8},"end":{"line":3,"column":54}},"type":"if","locations":[{"start":{"line":3,"column":8},"end":{"line":3,"column":54}},{"start":{"line":3,"column":8},"end":{"line":3,"column":54}}],"line":3}},"s":{"0":5,"1":1,"2":4,"3":4,"4":2,"5":3},"f":{"0":5,"1":2},"b":{"0":[1,4]},"_coverageSchema":"1a1c01bbd47fc00a2c39e90264f33305004495a9","hash":"fefdf4593562ce6b48144cacc68b75f31f529737"}
,"/Users/JWN25/Documents/Whitehat/Week 1/Airport/Plane/plane.js": {"path":"/Users/JWN25/Documents/Whitehat/Week 1/Airport/Plane/plane.js","statementMap":{"0":{"start":{"line":3,"column":8},"end":{"line":3,"column":25}},"1":{"start":{"line":4,"column":8},"end":{"line":4,"column":44}},"2":{"start":{"line":5,"column":8},"end":{"line":5,"column":29}},"3":{"start":{"line":6,"column":8},"end":{"line":6,"column":52}},"4":{"start":{"line":7,"column":8},"end":{"line":7,"column":28}},"5":{"start":{"line":8,"column":8},"end":{"line":8,"column":29}},"6":{"start":{"line":9,"column":8},"end":{"line":9,"column":39}},"7":{"start":{"line":13,"column":8},"end":{"line":15,"column":9}},"8":{"start":{"line":14,"column":12},"end":{"line":14,"column":46}},"9":{"start":{"line":16,"column":8},"end":{"line":16,"column":26}},"10":{"start":{"line":17,"column":8},"end":{"line":17,"column":37}},"11":{"start":{"line":21,"column":8},"end":{"line":21,"column":32}},"12":{"start":{"line":26,"column":0},"end":{"line":26,"column":23}}},"fnMap":{"0":{"name":"(anonymous_0)","decl":{"start":{"line":2,"column":4},"end":{"line":2,"column":5}},"loc":{"start":{"line":2,"column":99},"end":{"line":10,"column":5}},"line":2},"1":{"name":"(anonymous_1)","decl":{"start":{"line":12,"column":4},"end":{"line":12,"column":5}},"loc":{"start":{"line":12,"column":17},"end":{"line":18,"column":5}},"line":12},"2":{"name":"(anonymous_2)","decl":{"start":{"line":20,"column":4},"end":{"line":20,"column":5}},"loc":{"start":{"line":20,"column":20},"end":{"line":22,"column":5}},"line":20}},"branchMap":{"0":{"loc":{"start":{"line":2,"column":54},"end":{"line":2,"column":98}},"type":"default-arg","locations":[{"start":{"line":2,"column":60},"end":{"line":2,"column":97}}],"line":2},"1":{"loc":{"start":{"line":13,"column":8},"end":{"line":15,"column":9}},"type":"if","locations":[{"start":{"line":13,"column":8},"end":{"line":15,"column":9}},{"start":{"line":13,"column":8},"end":{"line":15,"column":9}}],"line":13}},"s":{"0":10,"1":10,"2":10,"3":10,"4":10,"5":10,"6":10,"7":4,"8":1,"9":3,"10":3,"11":1,"12":2},"f":{"0":10,"1":4,"2":1},"b":{"0":[10],"1":[1,3]},"_coverageSchema":"1a1c01bbd47fc00a2c39e90264f33305004495a9","hash":"974d9ece529f0086600b6a81f1b5a8d4e7cbf7cb"}
}
