TN:
SF:Airport/airport.js
FN:3,(anonymous_0)
FN:9,(anonymous_1)
FN:22,(anonymous_2)
FN:30,(anonymous_3)
FN:34,(anonymous_4)
FN:35,(anonymous_5)
FN:40,(anonymous_6)
FN:43,(anonymous_7)
FNF:8
FNH:4
FNDA:16,(anonymous_0)
FNDA:3,(anonymous_1)
FNDA:2,(anonymous_2)
FNDA:12,(anonymous_3)
FNDA:0,(anonymous_4)
FNDA:0,(anonymous_5)
FNDA:0,(anonymous_6)
FNDA:0,(anonymous_7)
DA:2,2
DA:4,16
DA:5,16
DA:6,16
DA:10,3
DA:11,1
DA:13,2
DA:15,2
DA:17,2
DA:18,2
DA:19,2
DA:23,2
DA:24,1
DA:26,1
DA:27,1
DA:28,1
DA:31,12
DA:35,0
DA:36,0
DA:37,0
DA:38,0
DA:39,0
DA:40,0
DA:41,0
DA:42,0
DA:43,0
DA:44,0
DA:45,0
DA:52,2
LF:29
LH:18
BRDA:10,0,0,1
BRDA:10,0,1,2
BRDA:23,1,0,1
BRDA:23,1,1,1
BRF:4
BRH:4
end_of_record
TN:
SF:Bag/bag.js
FN:2,(anonymous_0)
FNF:1
FNH:1
FNDA:4,(anonymous_0)
DA:3,4
DA:4,1
DA:6,3
DA:10,3
LF:4
LH:4
BRDA:3,0,0,1
BRDA:3,0,1,3
BRDA:3,1,0,4
BRDA:3,1,1,4
BRF:4
BRH:4
end_of_record
TN:
SF:Crew/crew.js
FN:5,(anonymous_0)
FN:7,(anonymous_1)
FN:15,(anonymous_2)
FNF:3
FNH:3
FNDA:2,(anonymous_0)
FNDA:3,(anonymous_1)
FNDA:1,(anonymous_2)
DA:1,3
DA:4,3
DA:6,2
DA:7,2
DA:8,3
DA:10,2
DA:11,1
DA:13,1
DA:16,1
DA:18,1
DA:23,3
LF:11
LH:11
BRDA:8,0,0,1
BRDA:8,0,1,2
BRDA:10,1,0,1
BRDA:10,1,1,1
BRF:4
BRH:4
end_of_record
TN:
SF:Passanger/passanger.js
FN:4,(anonymous_0)
FNF:1
FNH:0
FNDA:0,(anonymous_0)
DA:1,3
DA:5,0
DA:9,3
LF:3
LH:2
BRF:0
BRH:0
end_of_record
TN:
SF:Person/person.js
FN:2,(anonymous_0)
FN:7,(anonymous_1)
FNF:2
FNH:2
FNDA:8,(anonymous_0)
FNDA:2,(anonymous_1)
DA:3,8
DA:4,7
DA:5,7
DA:8,2
DA:13,5
LF:5
LH:5
BRDA:3,0,0,1
BRDA:3,0,1,7
BRF:2
BRH:2
end_of_record
TN:
SF:Plane/plane.js
FN:4,(anonymous_0)
FN:15,(anonymous_1)
FN:26,(anonymous_2)
FNF:3
FNH:3
FNDA:10,(anonymous_0)
FNDA:4,(anonymous_1)
FNDA:1,(anonymous_2)
DA:1,2
DA:5,10
DA:6,10
DA:7,10
DA:8,10
DA:9,10
DA:10,10
DA:11,10
DA:12,10
DA:16,4
DA:17,1
DA:19,3
DA:20,0
DA:22,3
DA:24,3
DA:27,1
DA:32,2
LF:17
LH:16
BRDA:4,0,0,10
BRDA:16,1,0,1
BRDA:16,1,1,3
BRDA:19,2,0,0
BRDA:19,2,1,3
BRF:5
BRH:4
end_of_record
