TN:
SF:Airport/airport.js
FN:3,(anonymous_0)
FN:9,(anonymous_1)
FN:22,(anonymous_2)
FN:30,(anonymous_3)
FNF:4
FNH:4
FNDA:16,(anonymous_0)
FNDA:3,(anonymous_1)
FNDA:2,(anonymous_2)
FNDA:13,(anonymous_3)
DA:2,2
DA:4,16
DA:5,16
DA:6,16
DA:10,3
DA:11,1
DA:13,2
DA:15,2
DA:17,2
DA:18,2
DA:19,2
DA:23,2
DA:24,1
DA:26,1
DA:27,1
DA:28,1
DA:31,13
DA:35,2
LF:18
LH:18
BRDA:10,0,0,1
BRDA:10,0,1,2
BRDA:23,1,0,1
BRDA:23,1,1,1
BRF:4
BRH:4
end_of_record
TN:
SF:Bag/bag.js
FN:2,(anonymous_0)
FNF:1
FNH:1
FNDA:4,(anonymous_0)
DA:3,4
DA:4,1
DA:6,3
DA:10,3
LF:4
LH:4
BRDA:3,0,0,1
BRDA:3,0,1,3
BRDA:3,1,0,4
BRDA:3,1,1,4
BRF:4
BRH:4
end_of_record
TN:
SF:Crew/crew.js
FN:5,(anonymous_0)
FN:7,(anonymous_1)
FN:15,(anonymous_2)
FNF:3
FNH:3
FNDA:2,(anonymous_0)
FNDA:3,(anonymous_1)
FNDA:2,(anonymous_2)
DA:1,3
DA:4,3
DA:6,2
DA:7,2
DA:8,3
DA:10,2
DA:11,1
DA:13,1
DA:16,2
DA:17,2
DA:22,3
LF:11
LH:11
BRDA:8,0,0,1
BRDA:8,0,1,2
BRDA:10,1,0,1
BRDA:10,1,1,1
BRF:4
BRH:4
end_of_record
TN:
SF:Passanger/passanger.js
FN:4,(anonymous_0)
FNF:1
FNH:1
FNDA:2,(anonymous_0)
DA:1,3
DA:5,2
DA:9,3
LF:3
LH:3
BRF:0
BRH:0
end_of_record
TN:
SF:Person/person.js
FN:2,(anonymous_0)
FN:7,(anonymous_1)
FNF:2
FNH:2
FNDA:9,(anonymous_0)
FNDA:2,(anonymous_1)
DA:3,9
DA:4,8
DA:5,8
DA:8,2
DA:13,5
LF:5
LH:5
BRDA:3,0,0,1
BRDA:3,0,1,8
BRF:2
BRH:2
end_of_record
TN:
SF:Plane/plane.js
FN:4,(anonymous_0)
FN:15,(anonymous_1)
FN:26,(anonymous_2)
FNF:3
FNH:3
FNDA:11,(anonymous_0)
FNDA:5,(anonymous_1)
FNDA:1,(anonymous_2)
DA:1,2
DA:5,11
DA:6,11
DA:7,11
DA:8,11
DA:9,11
DA:10,11
DA:11,11
DA:12,11
DA:16,5
DA:17,1
DA:19,4
DA:20,1
DA:22,3
DA:24,4
DA:27,1
DA:32,2
LF:17
LH:17
BRDA:4,0,0,11
BRDA:16,1,0,1
BRDA:16,1,1,4
BRDA:19,2,0,1
BRDA:19,2,1,3
BRF:5
BRH:5
end_of_record
